f:\new engine\vandaengine\editor\vandaengine1\debug\vandaengine1.pch
f:\new engine\vandaengine\editor\vandaengine1\debug\vc141.pdb
f:\new engine\vandaengine\editor\vandaengine1\debug\stdafx.obj
f:\new engine\vandaengine\editor\vandaengine1\debug\addambientsound.obj
f:\new engine\vandaengine\editor\vandaengine1\debug\addenginecamera.obj
f:\new engine\vandaengine\editor\vandaengine1\debug\addguiimage.obj
f:\new engine\vandaengine\editor\vandaengine1\debug\addguitext.obj
f:\new engine\vandaengine\editor\vandaengine1\debug\addmultipleanimations.obj
f:\new engine\vandaengine\editor\vandaengine1\debug\addnewdirectory.obj
f:\new engine\vandaengine\editor\vandaengine1\debug\addresource.obj
f:\new engine\vandaengine\editor\vandaengine1\debug\addterrain.obj
f:\new engine\vandaengine\editor\vandaengine1\debug\addvscenescriptobject.obj
f:\new engine\vandaengine\editor\vandaengine1\debug\3dsound.obj
f:\new engine\vandaengine\editor\vandaengine1\debug\decomposematrix.obj
f:\new engine\vandaengine\editor\vandaengine1\debug\hyperlink.obj
f:\new engine\vandaengine\editor\vandaengine1\debug\point.obj
f:\new engine\vandaengine\editor\vandaengine1\debug\prefab.obj
f:\new engine\vandaengine\editor\vandaengine1\debug\custombitmapbutton.obj
f:\new engine\vandaengine\editor\vandaengine1\debug\customricheditctrl.obj
f:\new engine\vandaengine\editor\vandaengine1\debug\editbloom.obj
f:\new engine\vandaengine\editor\vandaengine1\debug\editcamera.obj
f:\new engine\vandaengine\editor\vandaengine1\debug\editdof.obj
f:\new engine\vandaengine\editor\vandaengine1\debug\editgeneralphysxproperties.obj
f:\new engine\vandaengine\editor\vandaengine1\debug\editlight.obj
f:\new engine\vandaengine\editor\vandaengine1\debug\editoptions.obj
f:\new engine\vandaengine\editor\vandaengine1\debug\editphysx.obj
f:\new engine\vandaengine\editor\vandaengine1\debug\editprojectproperties.obj
f:\new engine\vandaengine\editor\vandaengine1\debug\editscenemanager.obj
f:\new engine\vandaengine\editor\vandaengine1\debug\editvscenename.obj
f:\new engine\vandaengine\editor\vandaengine1\debug\guidlg.obj
f:\new engine\vandaengine\editor\vandaengine1\debug\guitext.obj
f:\new engine\vandaengine\editor\vandaengine1\debug\generalambientcolor.obj
f:\new engine\vandaengine\editor\vandaengine1\debug\aviplayer.obj
f:\new engine\vandaengine\editor\vandaengine1\debug\base.obj
f:\new engine\vandaengine\editor\vandaengine1\debug\bloom.obj
f:\new engine\vandaengine\editor\vandaengine1\debug\cterrainvbocull.obj
f:\new engine\vandaengine\editor\vandaengine1\debug\effect.obj
f:\new engine\vandaengine\editor\vandaengine1\debug\fog.obj
f:\new engine\vandaengine\editor\vandaengine1\debug\geometry.obj
f:\new engine\vandaengine\editor\vandaengine1\debug\lightmodel.obj
f:\new engine\vandaengine\editor\vandaengine1\debug\material.obj
f:\new engine\vandaengine\editor\vandaengine1\debug\node.obj
f:\new engine\vandaengine\editor\vandaengine1\debug\render.obj
f:\new engine\vandaengine\editor\vandaengine1\debug\scene.obj
f:\new engine\vandaengine\editor\vandaengine1\debug\shadowmap.obj
f:\new engine\vandaengine\editor\vandaengine1\debug\transform.obj
f:\new engine\vandaengine\editor\vandaengine1\debug\water.obj
f:\new engine\vandaengine\editor\vandaengine1\debug\icon.obj
f:\new engine\vandaengine\editor\vandaengine1\debug\maincharacterproperties.obj
f:\new engine\vandaengine\editor\vandaengine1\debug\prefabdlg.obj
f:\new engine\vandaengine\editor\vandaengine1\debug\publishproject.obj
f:\new engine\vandaengine\editor\vandaengine1\debug\saveloadcharacterprofile.obj
f:\new engine\vandaengine\editor\vandaengine1\debug\scenebanner.obj
f:\new engine\vandaengine\editor\vandaengine1\debug\sceneproperties.obj
f:\new engine\vandaengine\editor\vandaengine1\debug\scripteditoraddevent.obj
f:\new engine\vandaengine\editor\vandaengine1\debug\scriptutility.obj
f:\new engine\vandaengine\editor\vandaengine1\debug\scriptutilitygameobjects.obj
f:\new engine\vandaengine\editor\vandaengine1\debug\scriptutilityprefabinstances.obj
f:\new engine\vandaengine\editor\vandaengine1\debug\scriptutilityresources.obj
f:\new engine\vandaengine\editor\vandaengine1\debug\selectcamera.obj
f:\new engine\vandaengine\editor\vandaengine1\debug\shadowdialog.obj
f:\new engine\vandaengine\editor\vandaengine1\debug\vandaengine1dlg.obj
f:\new engine\vandaengine\editor\vandaengine1\debug\maincharacter.obj
f:\new engine\vandaengine\editor\vandaengine1\debug\nxu_file.obj
f:\new engine\vandaengine\editor\vandaengine1\debug\nxu_graphicsmesh.obj
f:\new engine\vandaengine\editor\vandaengine1\debug\nxu_physicsinstantiator.obj
f:\new engine\vandaengine\editor\vandaengine1\debug\nxu_scaledcopy.obj
f:\new engine\vandaengine\editor\vandaengine1\debug\nxu_streaming.obj
f:\new engine\vandaengine\editor\vandaengine1\debug\nxu_helper.obj
f:\new engine\vandaengine\editor\vandaengine1\debug\nxu_schema.obj
f:\new engine\vandaengine\editor\vandaengine1\debug\nxu_tinyxmlparser.obj
f:\new engine\vandaengine\editor\vandaengine1\debug\nxdebugrenderer.obj
f:\new engine\vandaengine\editor\vandaengine1\debug\stream.obj
f:\new engine\vandaengine\editor\vandaengine1\debug\trigger.obj
f:\new engine\vandaengine\editor\vandaengine1\debug\octree.obj
f:\new engine\vandaengine\editor\vandaengine1\debug\add3dsound.obj
f:\new engine\vandaengine\editor\vandaengine1\debug\addcharactersound.obj
f:\new engine\vandaengine\editor\vandaengine1\debug\addguibutton.obj
f:\new engine\vandaengine\editor\vandaengine1\debug\addlight.obj
f:\new engine\vandaengine\editor\vandaengine1\debug\addmaincharacter.obj
f:\new engine\vandaengine\editor\vandaengine1\debug\addprefabresource.obj
f:\new engine\vandaengine\editor\vandaengine1\debug\addskydome.obj
f:\new engine\vandaengine\editor\vandaengine1\debug\addtrigger.obj
f:\new engine\vandaengine\editor\vandaengine1\debug\addwater.obj
f:\new engine\vandaengine\editor\vandaengine1\debug\ambientsound.obj
f:\new engine\vandaengine\editor\vandaengine1\debug\openalsoundbuffer.obj
f:\new engine\vandaengine\editor\vandaengine1\debug\openalsoundsource.obj
f:\new engine\vandaengine\editor\vandaengine1\debug\openalsystem.obj
f:\new engine\vandaengine\editor\vandaengine1\debug\backupallprojects.obj
f:\new engine\vandaengine\editor\vandaengine1\debug\vscenescript.obj
f:\new engine\vandaengine\editor\vandaengine1\debug\vector.obj
f:\new engine\vandaengine\editor\vandaengine1\debug\console.obj
f:\new engine\vandaengine\editor\vandaengine1\debug\custombutton.obj
f:\new engine\vandaengine\editor\vandaengine1\debug\deleteproject.obj
f:\new engine\vandaengine\editor\vandaengine1\debug\editcurrentsceneoptions.obj
f:\new engine\vandaengine\editor\vandaengine1\debug\editfog.obj
f:\new engine\vandaengine\editor\vandaengine1\debug\editgui.obj
f:\new engine\vandaengine\editor\vandaengine1\debug\editlod.obj
f:\new engine\vandaengine\editor\vandaengine1\debug\editmaterial.obj
f:\new engine\vandaengine\editor\vandaengine1\debug\editprefab.obj
f:\new engine\vandaengine\editor\vandaengine1\debug\editprojectvscenes.obj
f:\new engine\vandaengine\editor\vandaengine1\debug\editsceneoptions.obj
f:\new engine\vandaengine\editor\vandaengine1\debug\exiteditordlg.obj
f:\new engine\vandaengine\editor\vandaengine1\debug\gui.obj
f:\new engine\vandaengine\editor\vandaengine1\debug\guibutton.obj
f:\new engine\vandaengine\editor\vandaengine1\debug\guiimage.obj
f:\new engine\vandaengine\editor\vandaengine1\debug\guinamedlg.obj
f:\new engine\vandaengine\editor\vandaengine1\debug\animation.obj
f:\new engine\vandaengine\editor\vandaengine1\debug\cheightclass.obj
f:\new engine\vandaengine\editor\vandaengine1\debug\cterraintexture.obj
f:\new engine\vandaengine\editor\vandaengine1\debug\camera.obj
f:\new engine\vandaengine\editor\vandaengine1\debug\dof.obj
f:\new engine\vandaengine\editor\vandaengine1\debug\image.obj
f:\new engine\vandaengine\editor\vandaengine1\debug\light.obj
f:\new engine\vandaengine\editor\vandaengine1\debug\matrix.obj
f:\new engine\vandaengine\editor\vandaengine1\debug\openglmaterial.obj
f:\new engine\vandaengine\editor\vandaengine1\debug\openglmatrix.obj
f:\new engine\vandaengine\editor\vandaengine1\debug\openglutility.obj
f:\new engine\vandaengine\editor\vandaengine1\debug\orient.obj
f:\new engine\vandaengine\editor\vandaengine1\debug\perspectivewindow.obj
f:\new engine\vandaengine\editor\vandaengine1\debug\sceneread.obj
f:\new engine\vandaengine\editor\vandaengine1\debug\simplefont.obj
f:\new engine\vandaengine\editor\vandaengine1\debug\sky.obj
f:\new engine\vandaengine\editor\vandaengine1\debug\texture.obj
f:\new engine\vandaengine\editor\vandaengine1\debug\dds.obj
f:\new engine\vandaengine\editor\vandaengine1\debug\dxtctool.obj
f:\new engine\vandaengine\editor\vandaengine1\debug\skin.obj
f:\new engine\vandaengine\editor\vandaengine1\debug\targa.obj
f:\new engine\vandaengine\editor\vandaengine1\debug\terrain.obj
f:\new engine\vandaengine\editor\vandaengine1\debug\input.obj
f:\new engine\vandaengine\editor\vandaengine1\debug\mousetranslationcontroller.obj
f:\new engine\vandaengine\editor\vandaengine1\debug\physx.obj
f:\new engine\vandaengine\editor\vandaengine1\debug\pleasewait.obj
f:\new engine\vandaengine\editor\vandaengine1\debug\prefabnamedlg.obj
f:\new engine\vandaengine\editor\vandaengine1\debug\resourcefile.obj
f:\new engine\vandaengine\editor\vandaengine1\debug\saveguidlg.obj
f:\new engine\vandaengine\editor\vandaengine1\debug\saveprefabdlg.obj
f:\new engine\vandaengine\editor\vandaengine1\debug\scripteditor.obj
f:\new engine\vandaengine\editor\vandaengine1\debug\scripteditoraddfunction.obj
f:\new engine\vandaengine\editor\vandaengine1\debug\scriptutilityguis.obj
f:\new engine\vandaengine\editor\vandaengine1\debug\scriptutilityimportedcameras.obj
f:\new engine\vandaengine\editor\vandaengine1\debug\scriptutilityprefabs.obj
f:\new engine\vandaengine\editor\vandaengine1\debug\selectanimationclips.obj
f:\new engine\vandaengine\editor\vandaengine1\debug\setcurrentproject.obj
f:\new engine\vandaengine\editor\vandaengine1\debug\timer.obj
f:\new engine\vandaengine\editor\vandaengine1\debug\vandaengine1.obj
f:\new engine\vandaengine\editor\vandaengine1\debug\viewscript.obj
f:\new engine\vandaengine\editor\vandaengine1\debug\vscenemenucursor.obj
f:\new engine\vandaengine\editor\vandaengine1\debug\waterattachment.obj
f:\new engine\vandaengine\editor\vandaengine1\debug\welcomedialog.obj
f:\new engine\vandaengine\editor\vandaengine1\debug\nxu_asc2bin.obj
f:\new engine\vandaengine\editor\vandaengine1\debug\nxu_colladaexport.obj
f:\new engine\vandaengine\editor\vandaengine1\debug\nxu_colladaimport.obj
f:\new engine\vandaengine\editor\vandaengine1\debug\nxu_geometry.obj
f:\new engine\vandaengine\editor\vandaengine1\debug\nxu_physicsexport.obj
f:\new engine\vandaengine\editor\vandaengine1\debug\nxu_schemastream.obj
f:\new engine\vandaengine\editor\vandaengine1\debug\nxu_cooking.obj
f:\new engine\vandaengine\editor\vandaengine1\debug\nxu_customcopy.obj
f:\new engine\vandaengine\editor\vandaengine1\debug\nxu_hull.obj
f:\new engine\vandaengine\editor\vandaengine1\debug\nxu_string.obj
f:\new engine\vandaengine\editor\vandaengine1\debug\nxu_tinystr.obj
f:\new engine\vandaengine\editor\vandaengine1\debug\nxu_tinyxml.obj
f:\new engine\vandaengine\editor\vandaengine1\debug\nxu_tinyxmlerror.obj
f:\new engine\vandaengine\editor\vandaengine1\debug\nx.obj
f:\new engine\vandaengine\editor\vandaengine1\debug\userallocator.obj
f:\new engine\vandaengine\editor\vandaengine1\debug\lod.obj
f:\new engine\vandaengine\editor\debug\vandaengine1.exe
f:\new engine\vandaengine\editor\debug\vandaengine1.pdb
f:\new engine\vandaengine\editor\vandaengine1\debug\vandaengine1.res
f:\new engine\vandaengine\editor\debug\vandaengine1.lib
f:\new engine\vandaengine\editor\debug\vandaengine1.exp
i:\vandaengine\releases\version1_9_final\1.9.2\editor\vandaengine1\debug\3dsound.obj
i:\vandaengine\releases\version1_9_final\1.9.2\editor\vandaengine1\debug\add3dsound.obj
i:\vandaengine\releases\version1_9_final\1.9.2\editor\vandaengine1\debug\addambientsound.obj
i:\vandaengine\releases\version1_9_final\1.9.2\editor\vandaengine1\debug\addcharactersound.obj
i:\vandaengine\releases\version1_9_final\1.9.2\editor\vandaengine1\debug\addenginecamera.obj
i:\vandaengine\releases\version1_9_final\1.9.2\editor\vandaengine1\debug\addguibutton.obj
i:\vandaengine\releases\version1_9_final\1.9.2\editor\vandaengine1\debug\addguiimage.obj
i:\vandaengine\releases\version1_9_final\1.9.2\editor\vandaengine1\debug\addguitext.obj
i:\vandaengine\releases\version1_9_final\1.9.2\editor\vandaengine1\debug\addlight.obj
i:\vandaengine\releases\version1_9_final\1.9.2\editor\vandaengine1\debug\addmaincharacter.obj
i:\vandaengine\releases\version1_9_final\1.9.2\editor\vandaengine1\debug\addmultipleanimations.obj
i:\vandaengine\releases\version1_9_final\1.9.2\editor\vandaengine1\debug\addnewdirectory.obj
i:\vandaengine\releases\version1_9_final\1.9.2\editor\vandaengine1\debug\addprefabresource.obj
i:\vandaengine\releases\version1_9_final\1.9.2\editor\vandaengine1\debug\addresource.obj
i:\vandaengine\releases\version1_9_final\1.9.2\editor\vandaengine1\debug\addskydome.obj
i:\vandaengine\releases\version1_9_final\1.9.2\editor\vandaengine1\debug\addterrain.obj
i:\vandaengine\releases\version1_9_final\1.9.2\editor\vandaengine1\debug\addtrigger.obj
i:\vandaengine\releases\version1_9_final\1.9.2\editor\vandaengine1\debug\addvscenescriptobject.obj
i:\vandaengine\releases\version1_9_final\1.9.2\editor\vandaengine1\debug\addwater.obj
i:\vandaengine\releases\version1_9_final\1.9.2\editor\vandaengine1\debug\ambientsound.obj
i:\vandaengine\releases\version1_9_final\1.9.2\editor\vandaengine1\debug\animation.obj
i:\vandaengine\releases\version1_9_final\1.9.2\editor\vandaengine1\debug\aviplayer.obj
i:\vandaengine\releases\version1_9_final\1.9.2\editor\vandaengine1\debug\backupallprojects.obj
i:\vandaengine\releases\version1_9_final\1.9.2\editor\vandaengine1\debug\base.obj
i:\vandaengine\releases\version1_9_final\1.9.2\editor\vandaengine1\debug\bloom.obj
i:\vandaengine\releases\version1_9_final\1.9.2\editor\vandaengine1\debug\camera.obj
i:\vandaengine\releases\version1_9_final\1.9.2\editor\vandaengine1\debug\cheightclass.obj
i:\vandaengine\releases\version1_9_final\1.9.2\editor\vandaengine1\debug\console.obj
i:\vandaengine\releases\version1_9_final\1.9.2\editor\vandaengine1\debug\cterraintexture.obj
i:\vandaengine\releases\version1_9_final\1.9.2\editor\vandaengine1\debug\cterrainvbocull.obj
i:\vandaengine\releases\version1_9_final\1.9.2\editor\vandaengine1\debug\custombitmapbutton.obj
i:\vandaengine\releases\version1_9_final\1.9.2\editor\vandaengine1\debug\custombutton.obj
i:\vandaengine\releases\version1_9_final\1.9.2\editor\vandaengine1\debug\customricheditctrl.obj
i:\vandaengine\releases\version1_9_final\1.9.2\editor\vandaengine1\debug\dds.obj
i:\vandaengine\releases\version1_9_final\1.9.2\editor\vandaengine1\debug\decomposematrix.obj
i:\vandaengine\releases\version1_9_final\1.9.2\editor\vandaengine1\debug\deleteproject.obj
i:\vandaengine\releases\version1_9_final\1.9.2\editor\vandaengine1\debug\dof.obj
i:\vandaengine\releases\version1_9_final\1.9.2\editor\vandaengine1\debug\dxtctool.obj
i:\vandaengine\releases\version1_9_final\1.9.2\editor\vandaengine1\debug\editbloom.obj
i:\vandaengine\releases\version1_9_final\1.9.2\editor\vandaengine1\debug\editcamera.obj
i:\vandaengine\releases\version1_9_final\1.9.2\editor\vandaengine1\debug\editcurrentsceneoptions.obj
i:\vandaengine\releases\version1_9_final\1.9.2\editor\vandaengine1\debug\editdof.obj
i:\vandaengine\releases\version1_9_final\1.9.2\editor\vandaengine1\debug\editfog.obj
i:\vandaengine\releases\version1_9_final\1.9.2\editor\vandaengine1\debug\editgeneralphysxproperties.obj
i:\vandaengine\releases\version1_9_final\1.9.2\editor\vandaengine1\debug\editgui.obj
i:\vandaengine\releases\version1_9_final\1.9.2\editor\vandaengine1\debug\editlight.obj
i:\vandaengine\releases\version1_9_final\1.9.2\editor\vandaengine1\debug\editlod.obj
i:\vandaengine\releases\version1_9_final\1.9.2\editor\vandaengine1\debug\editmaterial.obj
i:\vandaengine\releases\version1_9_final\1.9.2\editor\vandaengine1\debug\editoptions.obj
i:\vandaengine\releases\version1_9_final\1.9.2\editor\vandaengine1\debug\editphysx.obj
i:\vandaengine\releases\version1_9_final\1.9.2\editor\vandaengine1\debug\editprefab.obj
i:\vandaengine\releases\version1_9_final\1.9.2\editor\vandaengine1\debug\editprojectproperties.obj
i:\vandaengine\releases\version1_9_final\1.9.2\editor\vandaengine1\debug\editprojectvscenes.obj
i:\vandaengine\releases\version1_9_final\1.9.2\editor\vandaengine1\debug\editscenemanager.obj
i:\vandaengine\releases\version1_9_final\1.9.2\editor\vandaengine1\debug\editsceneoptions.obj
i:\vandaengine\releases\version1_9_final\1.9.2\editor\vandaengine1\debug\editvscenename.obj
i:\vandaengine\releases\version1_9_final\1.9.2\editor\vandaengine1\debug\effect.obj
i:\vandaengine\releases\version1_9_final\1.9.2\editor\vandaengine1\debug\exiteditordlg.obj
i:\vandaengine\releases\version1_9_final\1.9.2\editor\vandaengine1\debug\fog.obj
i:\vandaengine\releases\version1_9_final\1.9.2\editor\vandaengine1\debug\generalambientcolor.obj
i:\vandaengine\releases\version1_9_final\1.9.2\editor\vandaengine1\debug\geometry.obj
i:\vandaengine\releases\version1_9_final\1.9.2\editor\vandaengine1\debug\gui.obj
i:\vandaengine\releases\version1_9_final\1.9.2\editor\vandaengine1\debug\guibutton.obj
i:\vandaengine\releases\version1_9_final\1.9.2\editor\vandaengine1\debug\guidlg.obj
i:\vandaengine\releases\version1_9_final\1.9.2\editor\vandaengine1\debug\guiimage.obj
i:\vandaengine\releases\version1_9_final\1.9.2\editor\vandaengine1\debug\guinamedlg.obj
i:\vandaengine\releases\version1_9_final\1.9.2\editor\vandaengine1\debug\guitext.obj
i:\vandaengine\releases\version1_9_final\1.9.2\editor\vandaengine1\debug\hyperlink.obj
i:\vandaengine\releases\version1_9_final\1.9.2\editor\vandaengine1\debug\icon.obj
i:\vandaengine\releases\version1_9_final\1.9.2\editor\vandaengine1\debug\image.obj
i:\vandaengine\releases\version1_9_final\1.9.2\editor\vandaengine1\debug\input.obj
i:\vandaengine\releases\version1_9_final\1.9.2\editor\vandaengine1\debug\light.obj
i:\vandaengine\releases\version1_9_final\1.9.2\editor\vandaengine1\debug\lightmodel.obj
i:\vandaengine\releases\version1_9_final\1.9.2\editor\vandaengine1\debug\lod.obj
i:\vandaengine\releases\version1_9_final\1.9.2\editor\vandaengine1\debug\maincharacter.obj
i:\vandaengine\releases\version1_9_final\1.9.2\editor\vandaengine1\debug\maincharacterproperties.obj
i:\vandaengine\releases\version1_9_final\1.9.2\editor\vandaengine1\debug\material.obj
i:\vandaengine\releases\version1_9_final\1.9.2\editor\vandaengine1\debug\matrix.obj
i:\vandaengine\releases\version1_9_final\1.9.2\editor\vandaengine1\debug\mousetranslationcontroller.obj
i:\vandaengine\releases\version1_9_final\1.9.2\editor\vandaengine1\debug\node.obj
i:\vandaengine\releases\version1_9_final\1.9.2\editor\vandaengine1\debug\nx.obj
i:\vandaengine\releases\version1_9_final\1.9.2\editor\vandaengine1\debug\nxdebugrenderer.obj
i:\vandaengine\releases\version1_9_final\1.9.2\editor\vandaengine1\debug\nxu_asc2bin.obj
i:\vandaengine\releases\version1_9_final\1.9.2\editor\vandaengine1\debug\nxu_colladaexport.obj
i:\vandaengine\releases\version1_9_final\1.9.2\editor\vandaengine1\debug\nxu_colladaimport.obj
i:\vandaengine\releases\version1_9_final\1.9.2\editor\vandaengine1\debug\nxu_cooking.obj
i:\vandaengine\releases\version1_9_final\1.9.2\editor\vandaengine1\debug\nxu_customcopy.obj
i:\vandaengine\releases\version1_9_final\1.9.2\editor\vandaengine1\debug\nxu_file.obj
i:\vandaengine\releases\version1_9_final\1.9.2\editor\vandaengine1\debug\nxu_geometry.obj
i:\vandaengine\releases\version1_9_final\1.9.2\editor\vandaengine1\debug\nxu_graphicsmesh.obj
i:\vandaengine\releases\version1_9_final\1.9.2\editor\vandaengine1\debug\nxu_helper.obj
i:\vandaengine\releases\version1_9_final\1.9.2\editor\vandaengine1\debug\nxu_hull.obj
i:\vandaengine\releases\version1_9_final\1.9.2\editor\vandaengine1\debug\nxu_physicsexport.obj
i:\vandaengine\releases\version1_9_final\1.9.2\editor\vandaengine1\debug\nxu_physicsinstantiator.obj
i:\vandaengine\releases\version1_9_final\1.9.2\editor\vandaengine1\debug\nxu_scaledcopy.obj
i:\vandaengine\releases\version1_9_final\1.9.2\editor\vandaengine1\debug\nxu_schema.obj
i:\vandaengine\releases\version1_9_final\1.9.2\editor\vandaengine1\debug\nxu_schemastream.obj
i:\vandaengine\releases\version1_9_final\1.9.2\editor\vandaengine1\debug\nxu_streaming.obj
i:\vandaengine\releases\version1_9_final\1.9.2\editor\vandaengine1\debug\nxu_string.obj
i:\vandaengine\releases\version1_9_final\1.9.2\editor\vandaengine1\debug\nxu_tinystr.obj
i:\vandaengine\releases\version1_9_final\1.9.2\editor\vandaengine1\debug\nxu_tinyxml.obj
i:\vandaengine\releases\version1_9_final\1.9.2\editor\vandaengine1\debug\nxu_tinyxmlerror.obj
i:\vandaengine\releases\version1_9_final\1.9.2\editor\vandaengine1\debug\nxu_tinyxmlparser.obj
i:\vandaengine\releases\version1_9_final\1.9.2\editor\vandaengine1\debug\octree.obj
i:\vandaengine\releases\version1_9_final\1.9.2\editor\vandaengine1\debug\openalsoundbuffer.obj
i:\vandaengine\releases\version1_9_final\1.9.2\editor\vandaengine1\debug\openalsoundsource.obj
i:\vandaengine\releases\version1_9_final\1.9.2\editor\vandaengine1\debug\openalsystem.obj
i:\vandaengine\releases\version1_9_final\1.9.2\editor\vandaengine1\debug\openglmaterial.obj
i:\vandaengine\releases\version1_9_final\1.9.2\editor\vandaengine1\debug\openglmatrix.obj
i:\vandaengine\releases\version1_9_final\1.9.2\editor\vandaengine1\debug\openglutility.obj
i:\vandaengine\releases\version1_9_final\1.9.2\editor\vandaengine1\debug\orient.obj
i:\vandaengine\releases\version1_9_final\1.9.2\editor\vandaengine1\debug\perspectivewindow.obj
i:\vandaengine\releases\version1_9_final\1.9.2\editor\vandaengine1\debug\physx.obj
i:\vandaengine\releases\version1_9_final\1.9.2\editor\vandaengine1\debug\pleasewait.obj
i:\vandaengine\releases\version1_9_final\1.9.2\editor\vandaengine1\debug\point.obj
i:\vandaengine\releases\version1_9_final\1.9.2\editor\vandaengine1\debug\prefab.obj
i:\vandaengine\releases\version1_9_final\1.9.2\editor\vandaengine1\debug\prefabdlg.obj
i:\vandaengine\releases\version1_9_final\1.9.2\editor\vandaengine1\debug\prefabnamedlg.obj
i:\vandaengine\releases\version1_9_final\1.9.2\editor\vandaengine1\debug\publishproject.obj
i:\vandaengine\releases\version1_9_final\1.9.2\editor\vandaengine1\debug\render.obj
i:\vandaengine\releases\version1_9_final\1.9.2\editor\vandaengine1\debug\resourcefile.obj
i:\vandaengine\releases\version1_9_final\1.9.2\editor\vandaengine1\debug\saveguidlg.obj
i:\vandaengine\releases\version1_9_final\1.9.2\editor\vandaengine1\debug\saveloadcharacterprofile.obj
i:\vandaengine\releases\version1_9_final\1.9.2\editor\vandaengine1\debug\saveprefabdlg.obj
i:\vandaengine\releases\version1_9_final\1.9.2\editor\vandaengine1\debug\scene.obj
i:\vandaengine\releases\version1_9_final\1.9.2\editor\vandaengine1\debug\scenebanner.obj
i:\vandaengine\releases\version1_9_final\1.9.2\editor\vandaengine1\debug\sceneproperties.obj
i:\vandaengine\releases\version1_9_final\1.9.2\editor\vandaengine1\debug\sceneread.obj
i:\vandaengine\releases\version1_9_final\1.9.2\editor\vandaengine1\debug\scripteditor.obj
i:\vandaengine\releases\version1_9_final\1.9.2\editor\vandaengine1\debug\scripteditoraddevent.obj
i:\vandaengine\releases\version1_9_final\1.9.2\editor\vandaengine1\debug\scripteditoraddfunction.obj
i:\vandaengine\releases\version1_9_final\1.9.2\editor\vandaengine1\debug\scriptutility.obj
i:\vandaengine\releases\version1_9_final\1.9.2\editor\vandaengine1\debug\scriptutilitygameobjects.obj
i:\vandaengine\releases\version1_9_final\1.9.2\editor\vandaengine1\debug\scriptutilityguis.obj
i:\vandaengine\releases\version1_9_final\1.9.2\editor\vandaengine1\debug\scriptutilityimportedcameras.obj
i:\vandaengine\releases\version1_9_final\1.9.2\editor\vandaengine1\debug\scriptutilityprefabinstances.obj
i:\vandaengine\releases\version1_9_final\1.9.2\editor\vandaengine1\debug\scriptutilityprefabs.obj
i:\vandaengine\releases\version1_9_final\1.9.2\editor\vandaengine1\debug\scriptutilityresources.obj
i:\vandaengine\releases\version1_9_final\1.9.2\editor\vandaengine1\debug\selectanimationclips.obj
i:\vandaengine\releases\version1_9_final\1.9.2\editor\vandaengine1\debug\selectcamera.obj
i:\vandaengine\releases\version1_9_final\1.9.2\editor\vandaengine1\debug\setcurrentproject.obj
i:\vandaengine\releases\version1_9_final\1.9.2\editor\vandaengine1\debug\shadowdialog.obj
i:\vandaengine\releases\version1_9_final\1.9.2\editor\vandaengine1\debug\shadowmap.obj
i:\vandaengine\releases\version1_9_final\1.9.2\editor\vandaengine1\debug\simplefont.obj
i:\vandaengine\releases\version1_9_final\1.9.2\editor\vandaengine1\debug\skin.obj
i:\vandaengine\releases\version1_9_final\1.9.2\editor\vandaengine1\debug\sky.obj
i:\vandaengine\releases\version1_9_final\1.9.2\editor\vandaengine1\debug\stdafx.obj
i:\vandaengine\releases\version1_9_final\1.9.2\editor\vandaengine1\debug\stream.obj
i:\vandaengine\releases\version1_9_final\1.9.2\editor\vandaengine1\debug\targa.obj
i:\vandaengine\releases\version1_9_final\1.9.2\editor\vandaengine1\debug\terrain.obj
i:\vandaengine\releases\version1_9_final\1.9.2\editor\vandaengine1\debug\texture.obj
i:\vandaengine\releases\version1_9_final\1.9.2\editor\vandaengine1\debug\timer.obj
i:\vandaengine\releases\version1_9_final\1.9.2\editor\vandaengine1\debug\transform.obj
i:\vandaengine\releases\version1_9_final\1.9.2\editor\vandaengine1\debug\trigger.obj
i:\vandaengine\releases\version1_9_final\1.9.2\editor\vandaengine1\debug\userallocator.obj
i:\vandaengine\releases\version1_9_final\1.9.2\editor\vandaengine1\debug\vandaengine1.obj
i:\vandaengine\releases\version1_9_final\1.9.2\editor\vandaengine1\debug\vandaengine1dlg.obj
i:\vandaengine\releases\version1_9_final\1.9.2\editor\vandaengine1\debug\vector.obj
i:\vandaengine\releases\version1_9_final\1.9.2\editor\vandaengine1\debug\viewscript.obj
i:\vandaengine\releases\version1_9_final\1.9.2\editor\vandaengine1\debug\vscenemenucursor.obj
i:\vandaengine\releases\version1_9_final\1.9.2\editor\vandaengine1\debug\vscenescript.obj
i:\vandaengine\releases\version1_9_final\1.9.2\editor\vandaengine1\debug\water.obj
i:\vandaengine\releases\version1_9_final\1.9.2\editor\vandaengine1\debug\waterattachment.obj
i:\vandaengine\releases\version1_9_final\1.9.2\editor\vandaengine1\debug\welcomedialog.obj
i:\vandaengine\releases\version1_9_final\1.9.2\editor\vandaengine1\debug\vandaengine1.res
i:\vandaengine\releases\version1_9_final\1.9.2\editor\vandaengine1\debug\vandaengine1.pch
i:\vandaengine\releases\version1_9_final\1.9.2\editor\vandaengine1\debug\vc141.pdb
i:\vandaengine\releases\version1_9_final\1.9.2\editor\debug\vandaengine1.pdb
i:\vandaengine\releases\version1_9_final\1.9.2\editor\debug\vandaengine1.exe
i:\vandaengine\releases\version1_9_final\1.9.2\editor\vandaengine1\debug\vandaengine1.tlog\cl.command.1.tlog
i:\vandaengine\releases\version1_9_final\1.9.2\editor\vandaengine1\debug\vandaengine1.tlog\cl.read.1.tlog
i:\vandaengine\releases\version1_9_final\1.9.2\editor\vandaengine1\debug\vandaengine1.tlog\cl.write.1.tlog
i:\vandaengine\releases\version1_9_final\1.9.2\editor\vandaengine1\debug\vandaengine1.tlog\link.command.1.tlog
i:\vandaengine\releases\version1_9_final\1.9.2\editor\vandaengine1\debug\vandaengine1.tlog\link.read.1.tlog
i:\vandaengine\releases\version1_9_final\1.9.2\editor\vandaengine1\debug\vandaengine1.tlog\link.write.1.tlog
i:\vandaengine\releases\version1_9_final\1.9.2\editor\vandaengine1\debug\vandaengine1.tlog\rc.command.1.tlog
i:\vandaengine\releases\version1_9_final\1.9.2\editor\vandaengine1\debug\vandaengine1.tlog\rc.read.1.tlog
i:\vandaengine\releases\version1_9_final\1.9.2\editor\vandaengine1\debug\vandaengine1.tlog\rc.write.1.tlog
i:\vandaengine\releases\version1_9_final\1.9.2\editor\vandaengine1\debug\vandaengine1.tlog\vandaengine1.write.1u.tlog
