f:\new engine\vandaengine\editor\vandaengine1\release\addcharactersound.obj
f:\new engine\vandaengine\editor\vandaengine1\release\addguibackground.obj
f:\new engine\vandaengine\editor\vandaengine1\release\addguibutton.obj
f:\new engine\vandaengine\editor\vandaengine1\release\addlight.obj
f:\new engine\vandaengine\editor\vandaengine1\release\addmultipleanimations.obj
f:\new engine\vandaengine\editor\vandaengine1\release\addskydome.obj
f:\new engine\vandaengine\editor\vandaengine1\release\addstartupobject.obj
f:\new engine\vandaengine\editor\vandaengine1\release\addterrain.obj
f:\new engine\vandaengine\editor\vandaengine1\release\addwater.obj
f:\new engine\vandaengine\editor\vandaengine1\release\hyperlink.obj
f:\new engine\vandaengine\editor\vandaengine1\release\prefab.obj
f:\new engine\vandaengine\editor\vandaengine1\release\editcamera.obj
f:\new engine\vandaengine\editor\vandaengine1\release\editgeneralphysxproperties.obj
f:\new engine\vandaengine\editor\vandaengine1\release\editphysx.obj
f:\new engine\vandaengine\editor\vandaengine1\release\editprojectvscenes.obj
f:\new engine\vandaengine\editor\vandaengine1\release\animation.obj
f:\new engine\vandaengine\editor\vandaengine1\release\bloom.obj
f:\new engine\vandaengine\editor\vandaengine1\release\custombitmapbutton.obj
f:\new engine\vandaengine\editor\vandaengine1\release\cheightclass.obj
f:\new engine\vandaengine\editor\vandaengine1\release\cterraintexture.obj
f:\new engine\vandaengine\editor\vandaengine1\release\dds.obj
f:\new engine\vandaengine\editor\vandaengine1\release\decomposematrix.obj
f:\new engine\vandaengine\editor\vandaengine1\release\dof.obj
f:\new engine\vandaengine\editor\vandaengine1\release\editdof.obj
f:\new engine\vandaengine\editor\vandaengine1\release\editlight.obj
f:\new engine\vandaengine\editor\vandaengine1\release\editoptions.obj
f:\new engine\vandaengine\editor\vandaengine1\release\editsceneoptions.obj
f:\new engine\vandaengine\editor\vandaengine1\release\geometry.obj
f:\new engine\vandaengine\editor\vandaengine1\release\terrain.obj
f:\new engine\vandaengine\editor\vandaengine1\release\gui.obj
f:\new engine\vandaengine\editor\vandaengine1\release\guibackground.obj
f:\new engine\vandaengine\editor\vandaengine1\release\guinamedlg.obj
f:\new engine\vandaengine\editor\vandaengine1\release\input.obj
f:\new engine\vandaengine\editor\vandaengine1\release\light.obj
f:\new engine\vandaengine\editor\vandaengine1\release\maincharacter.obj
f:\new engine\vandaengine\editor\vandaengine1\release\pleasewait.obj
f:\new engine\vandaengine\editor\vandaengine1\release\prefabnamedlg.obj
f:\new engine\vandaengine\editor\vandaengine1\release\saveguidlg.obj
f:\new engine\vandaengine\editor\vandaengine1\release\saveprefabdlg.obj
f:\new engine\vandaengine\editor\vandaengine1\release\mousetranslationcontroller.obj
f:\new engine\vandaengine\editor\vandaengine1\release\nx.obj
f:\new engine\vandaengine\editor\vandaengine1\release\nxu_colladaimport.obj
f:\new engine\vandaengine\editor\vandaengine1\release\nxu_file.obj
f:\new engine\vandaengine\editor\vandaengine1\release\nxu_geometry.obj
f:\new engine\vandaengine\editor\vandaengine1\release\nxu_graphicsmesh.obj
f:\new engine\vandaengine\editor\vandaengine1\release\nxu_hull.obj
f:\new engine\vandaengine\editor\vandaengine1\release\nxu_physicsexport.obj
f:\new engine\vandaengine\editor\vandaengine1\release\nxu_schema.obj
f:\new engine\vandaengine\editor\vandaengine1\release\nxu_streaming.obj
f:\new engine\vandaengine\editor\vandaengine1\release\nxu_tinystr.obj
f:\new engine\vandaengine\editor\vandaengine1\release\nxu_tinyxml.obj
f:\new engine\vandaengine\editor\vandaengine1\release\octree.obj
f:\new engine\vandaengine\editor\vandaengine1\release\openglmatrix.obj
f:\new engine\vandaengine\editor\vandaengine1\release\orient.obj
f:\new engine\vandaengine\editor\vandaengine1\release\perspectivewindow.obj
f:\new engine\vandaengine\editor\vandaengine1\release\render.obj
f:\new engine\vandaengine\editor\vandaengine1\release\scenebanner.obj
f:\new engine\vandaengine\editor\vandaengine1\release\sceneproperties.obj
f:\new engine\vandaengine\editor\vandaengine1\release\scripteditor.obj
f:\new engine\vandaengine\editor\vandaengine1\release\scripteditoraddfunction.obj
f:\new engine\vandaengine\editor\vandaengine1\release\scriptutilitygameobjects.obj
f:\new engine\vandaengine\editor\vandaengine1\release\scriptutilityimportedcameras.obj
f:\new engine\vandaengine\editor\vandaengine1\release\scriptutilityresources.obj
f:\new engine\vandaengine\editor\vandaengine1\release\selectcamera.obj
f:\new engine\vandaengine\editor\vandaengine1\release\shadowdialog.obj
f:\new engine\vandaengine\editor\vandaengine1\release\simplefont.obj
f:\new engine\vandaengine\editor\vandaengine1\release\skin.obj
f:\new engine\vandaengine\editor\vandaengine1\release\sky.obj
f:\new engine\vandaengine\editor\vandaengine1\release\stream.obj
f:\new engine\vandaengine\editor\vandaengine1\release\targa.obj
f:\new engine\vandaengine\editor\vandaengine1\release\texture.obj
f:\new engine\vandaengine\editor\vandaengine1\release\userallocator.obj
f:\new engine\vandaengine\editor\vandaengine1\release\vandaengine1.obj
f:\new engine\vandaengine\editor\vandaengine1\release\vector.obj
f:\new engine\vandaengine\editor\vandaengine1\release\water.obj
f:\new engine\vandaengine\editor\vandaengine1\release\vscenemenucursor.obj
f:\new engine\vandaengine\editor\vandaengine1\release\welcomedialog.obj
f:\new engine\vandaengine\editor\vandaengine1\release\addambientsound.obj
f:\new engine\vandaengine\editor\vandaengine1\release\addenginecamera.obj
f:\new engine\vandaengine\editor\vandaengine1\release\addguitext.obj
f:\new engine\vandaengine\editor\vandaengine1\release\addmaincharacter.obj
f:\new engine\vandaengine\editor\vandaengine1\release\addnewdirectory.obj
f:\new engine\vandaengine\editor\vandaengine1\release\addresource.obj
f:\new engine\vandaengine\editor\vandaengine1\release\addstaticsound.obj
f:\new engine\vandaengine\editor\vandaengine1\release\addtrigger.obj
f:\new engine\vandaengine\editor\vandaengine1\release\ambientsound.obj
f:\new engine\vandaengine\editor\vandaengine1\release\backupallprojects.obj
f:\new engine\vandaengine\editor\vandaengine1\release\startup.obj
f:\new engine\vandaengine\editor\vandaengine1\release\customricheditctrl.obj
f:\new engine\vandaengine\editor\vandaengine1\release\editcurrentsceneoptions.obj
f:\new engine\vandaengine\editor\vandaengine1\release\editlod.obj
f:\new engine\vandaengine\editor\vandaengine1\release\editprojectproperties.obj
f:\new engine\vandaengine\editor\vandaengine1\release\editvscenename.obj
f:\new engine\vandaengine\editor\vandaengine1\release\aviplayer.obj
f:\new engine\vandaengine\editor\vandaengine1\release\base.obj
f:\new engine\vandaengine\editor\vandaengine1\release\camera.obj
f:\new engine\vandaengine\editor\vandaengine1\release\console.obj
f:\new engine\vandaengine\editor\vandaengine1\release\custombutton.obj
f:\new engine\vandaengine\editor\vandaengine1\release\cterrainvbocull.obj
f:\new engine\vandaengine\editor\vandaengine1\release\dxtctool.obj
f:\new engine\vandaengine\editor\vandaengine1\release\editbloom.obj
f:\new engine\vandaengine\editor\vandaengine1\release\editfog.obj
f:\new engine\vandaengine\editor\vandaengine1\release\editmaterial.obj
f:\new engine\vandaengine\editor\vandaengine1\release\editscenemanager.obj
f:\new engine\vandaengine\editor\vandaengine1\release\effect.obj
f:\new engine\vandaengine\editor\vandaengine1\release\fog.obj
f:\new engine\vandaengine\editor\vandaengine1\release\generalambientcolor.obj
f:\new engine\vandaengine\editor\vandaengine1\release\image.obj
f:\new engine\vandaengine\editor\vandaengine1\release\guidlg.obj
f:\new engine\vandaengine\editor\vandaengine1\release\guibutton.obj
f:\new engine\vandaengine\editor\vandaengine1\release\guitext.obj
f:\new engine\vandaengine\editor\vandaengine1\release\icon.obj
f:\new engine\vandaengine\editor\vandaengine1\release\lightmodel.obj
f:\new engine\vandaengine\editor\vandaengine1\release\maincharacterproperties.obj
f:\new engine\vandaengine\editor\vandaengine1\release\trigger.obj
f:\new engine\vandaengine\editor\vandaengine1\release\prefabdlg.obj
f:\new engine\vandaengine\editor\vandaengine1\release\resourcefile.obj
f:\new engine\vandaengine\editor\vandaengine1\release\saveloadcharacterprofile.obj
f:\new engine\vandaengine\editor\vandaengine1\release\lod.obj
f:\new engine\vandaengine\editor\vandaengine1\release\material.obj
f:\new engine\vandaengine\editor\vandaengine1\release\matrix.obj
f:\new engine\vandaengine\editor\vandaengine1\release\node.obj
f:\new engine\vandaengine\editor\vandaengine1\release\nxdebugrenderer.obj
f:\new engine\vandaengine\editor\vandaengine1\release\nxu_asc2bin.obj
f:\new engine\vandaengine\editor\vandaengine1\release\nxu_colladaexport.obj
f:\new engine\vandaengine\editor\vandaengine1\release\nxu_cooking.obj
f:\new engine\vandaengine\editor\vandaengine1\release\nxu_customcopy.obj
f:\new engine\vandaengine\editor\vandaengine1\release\nxu_helper.obj
f:\new engine\vandaengine\editor\vandaengine1\release\nxu_physicsinstantiator.obj
f:\new engine\vandaengine\editor\vandaengine1\release\nxu_scaledcopy.obj
f:\new engine\vandaengine\editor\vandaengine1\release\nxu_schemastream.obj
f:\new engine\vandaengine\editor\vandaengine1\release\nxu_string.obj
f:\new engine\vandaengine\editor\vandaengine1\release\nxu_tinyxmlerror.obj
f:\new engine\vandaengine\editor\vandaengine1\release\nxu_tinyxmlparser.obj
f:\new engine\vandaengine\editor\vandaengine1\release\openalsoundbuffer.obj
f:\new engine\vandaengine\editor\vandaengine1\release\openalsoundsource.obj
f:\new engine\vandaengine\editor\vandaengine1\release\openalsystem.obj
f:\new engine\vandaengine\editor\vandaengine1\release\openglmaterial.obj
f:\new engine\vandaengine\editor\vandaengine1\release\openglutility.obj
f:\new engine\vandaengine\editor\vandaengine1\release\physx.obj
f:\new engine\vandaengine\editor\vandaengine1\release\point.obj
f:\new engine\vandaengine\editor\vandaengine1\release\publishproject.obj
f:\new engine\vandaengine\editor\vandaengine1\release\scene.obj
f:\new engine\vandaengine\editor\vandaengine1\release\sceneread.obj
f:\new engine\vandaengine\editor\vandaengine1\release\scripteditoraddevent.obj
f:\new engine\vandaengine\editor\vandaengine1\release\keyboadandmousescript.obj
f:\new engine\vandaengine\editor\vandaengine1\release\scriptutility.obj
f:\new engine\vandaengine\editor\vandaengine1\release\scriptutilityguis.obj
f:\new engine\vandaengine\editor\vandaengine1\release\scriptutilityprefabinstances.obj
f:\new engine\vandaengine\editor\vandaengine1\release\selectanimationclips.obj
f:\new engine\vandaengine\editor\vandaengine1\release\setcurrentproject.obj
f:\new engine\vandaengine\editor\vandaengine1\release\shadowmap.obj
f:\new engine\vandaengine\editor\vandaengine1\release\staticsound.obj
f:\new engine\vandaengine\editor\vandaengine1\release\timer.obj
f:\new engine\vandaengine\editor\vandaengine1\release\transform.obj
f:\new engine\vandaengine\editor\vandaengine1\release\vandaengine1dlg.obj
f:\new engine\vandaengine\editor\vandaengine1\release\waterattachment.obj
f:\new engine\vandaengine\editor\vandaengine1\release\deleteproject.obj
f:\new engine\vandaengine\editor\vandaengine1\release\editprefab.obj
f:\new engine\vandaengine\editor\vandaengine1\release\vandaengine1.pch
f:\new engine\vandaengine\editor\vandaengine1\release\stdafx.obj
f:\new engine\vandaengine\editor\vandaengine1\release\editgui.obj
f:\new engine\vandaengine\editor\release\vandaengine1.exe
f:\new engine\vandaengine\editor\release\vandaengine1.pdb
f:\new engine\vandaengine\editor\vandaengine1\release\vandaengine1.res
f:\new engine\vandaengine\editor\release\vandaengine1.lib
f:\new engine\vandaengine\editor\release\vandaengine1.exp
c:\users\ehsan\desktop\vandaengine172\source\editor\vandaengine1\release\addambientsound.obj
c:\users\ehsan\desktop\vandaengine172\source\editor\vandaengine1\release\addcharactersound.obj
c:\users\ehsan\desktop\vandaengine172\source\editor\vandaengine1\release\addenginecamera.obj
c:\users\ehsan\desktop\vandaengine172\source\editor\vandaengine1\release\addguibackground.obj
c:\users\ehsan\desktop\vandaengine172\source\editor\vandaengine1\release\addguibutton.obj
c:\users\ehsan\desktop\vandaengine172\source\editor\vandaengine1\release\addguitext.obj
c:\users\ehsan\desktop\vandaengine172\source\editor\vandaengine1\release\addlight.obj
c:\users\ehsan\desktop\vandaengine172\source\editor\vandaengine1\release\addmaincharacter.obj
c:\users\ehsan\desktop\vandaengine172\source\editor\vandaengine1\release\addmultipleanimations.obj
c:\users\ehsan\desktop\vandaengine172\source\editor\vandaengine1\release\addnewdirectory.obj
c:\users\ehsan\desktop\vandaengine172\source\editor\vandaengine1\release\addresource.obj
c:\users\ehsan\desktop\vandaengine172\source\editor\vandaengine1\release\addskydome.obj
c:\users\ehsan\desktop\vandaengine172\source\editor\vandaengine1\release\addstartupobject.obj
c:\users\ehsan\desktop\vandaengine172\source\editor\vandaengine1\release\addstaticsound.obj
c:\users\ehsan\desktop\vandaengine172\source\editor\vandaengine1\release\addterrain.obj
c:\users\ehsan\desktop\vandaengine172\source\editor\vandaengine1\release\addtrigger.obj
c:\users\ehsan\desktop\vandaengine172\source\editor\vandaengine1\release\addwater.obj
c:\users\ehsan\desktop\vandaengine172\source\editor\vandaengine1\release\ambientsound.obj
c:\users\ehsan\desktop\vandaengine172\source\editor\vandaengine1\release\animation.obj
c:\users\ehsan\desktop\vandaengine172\source\editor\vandaengine1\release\aviplayer.obj
c:\users\ehsan\desktop\vandaengine172\source\editor\vandaengine1\release\backupallprojects.obj
c:\users\ehsan\desktop\vandaengine172\source\editor\vandaengine1\release\base.obj
c:\users\ehsan\desktop\vandaengine172\source\editor\vandaengine1\release\bloom.obj
c:\users\ehsan\desktop\vandaengine172\source\editor\vandaengine1\release\camera.obj
c:\users\ehsan\desktop\vandaengine172\source\editor\vandaengine1\release\cheightclass.obj
c:\users\ehsan\desktop\vandaengine172\source\editor\vandaengine1\release\console.obj
c:\users\ehsan\desktop\vandaengine172\source\editor\vandaengine1\release\cterraintexture.obj
c:\users\ehsan\desktop\vandaengine172\source\editor\vandaengine1\release\cterrainvbocull.obj
c:\users\ehsan\desktop\vandaengine172\source\editor\vandaengine1\release\custombitmapbutton.obj
c:\users\ehsan\desktop\vandaengine172\source\editor\vandaengine1\release\custombutton.obj
c:\users\ehsan\desktop\vandaengine172\source\editor\vandaengine1\release\customricheditctrl.obj
c:\users\ehsan\desktop\vandaengine172\source\editor\vandaengine1\release\dds.obj
c:\users\ehsan\desktop\vandaengine172\source\editor\vandaengine1\release\decomposematrix.obj
c:\users\ehsan\desktop\vandaengine172\source\editor\vandaengine1\release\deleteproject.obj
c:\users\ehsan\desktop\vandaengine172\source\editor\vandaengine1\release\dof.obj
c:\users\ehsan\desktop\vandaengine172\source\editor\vandaengine1\release\dxtctool.obj
c:\users\ehsan\desktop\vandaengine172\source\editor\vandaengine1\release\editbloom.obj
c:\users\ehsan\desktop\vandaengine172\source\editor\vandaengine1\release\editcamera.obj
c:\users\ehsan\desktop\vandaengine172\source\editor\vandaengine1\release\editcurrentsceneoptions.obj
c:\users\ehsan\desktop\vandaengine172\source\editor\vandaengine1\release\editdof.obj
c:\users\ehsan\desktop\vandaengine172\source\editor\vandaengine1\release\editfog.obj
c:\users\ehsan\desktop\vandaengine172\source\editor\vandaengine1\release\editgeneralphysxproperties.obj
c:\users\ehsan\desktop\vandaengine172\source\editor\vandaengine1\release\editgui.obj
c:\users\ehsan\desktop\vandaengine172\source\editor\vandaengine1\release\editlight.obj
c:\users\ehsan\desktop\vandaengine172\source\editor\vandaengine1\release\editlod.obj
c:\users\ehsan\desktop\vandaengine172\source\editor\vandaengine1\release\editmaterial.obj
c:\users\ehsan\desktop\vandaengine172\source\editor\vandaengine1\release\editoptions.obj
c:\users\ehsan\desktop\vandaengine172\source\editor\vandaengine1\release\editphysx.obj
c:\users\ehsan\desktop\vandaengine172\source\editor\vandaengine1\release\editprefab.obj
c:\users\ehsan\desktop\vandaengine172\source\editor\vandaengine1\release\editprojectproperties.obj
c:\users\ehsan\desktop\vandaengine172\source\editor\vandaengine1\release\editprojectvscenes.obj
c:\users\ehsan\desktop\vandaengine172\source\editor\vandaengine1\release\editscenemanager.obj
c:\users\ehsan\desktop\vandaengine172\source\editor\vandaengine1\release\editsceneoptions.obj
c:\users\ehsan\desktop\vandaengine172\source\editor\vandaengine1\release\editvscenename.obj
c:\users\ehsan\desktop\vandaengine172\source\editor\vandaengine1\release\effect.obj
c:\users\ehsan\desktop\vandaengine172\source\editor\vandaengine1\release\fog.obj
c:\users\ehsan\desktop\vandaengine172\source\editor\vandaengine1\release\generalambientcolor.obj
c:\users\ehsan\desktop\vandaengine172\source\editor\vandaengine1\release\geometry.obj
c:\users\ehsan\desktop\vandaengine172\source\editor\vandaengine1\release\gui.obj
c:\users\ehsan\desktop\vandaengine172\source\editor\vandaengine1\release\guibackground.obj
c:\users\ehsan\desktop\vandaengine172\source\editor\vandaengine1\release\guibutton.obj
c:\users\ehsan\desktop\vandaengine172\source\editor\vandaengine1\release\guidlg.obj
c:\users\ehsan\desktop\vandaengine172\source\editor\vandaengine1\release\guinamedlg.obj
c:\users\ehsan\desktop\vandaengine172\source\editor\vandaengine1\release\guitext.obj
c:\users\ehsan\desktop\vandaengine172\source\editor\vandaengine1\release\hyperlink.obj
c:\users\ehsan\desktop\vandaengine172\source\editor\vandaengine1\release\icon.obj
c:\users\ehsan\desktop\vandaengine172\source\editor\vandaengine1\release\image.obj
c:\users\ehsan\desktop\vandaengine172\source\editor\vandaengine1\release\input.obj
c:\users\ehsan\desktop\vandaengine172\source\editor\vandaengine1\release\keyboadandmousescript.obj
c:\users\ehsan\desktop\vandaengine172\source\editor\vandaengine1\release\light.obj
c:\users\ehsan\desktop\vandaengine172\source\editor\vandaengine1\release\lightmodel.obj
c:\users\ehsan\desktop\vandaengine172\source\editor\vandaengine1\release\lod.obj
c:\users\ehsan\desktop\vandaengine172\source\editor\vandaengine1\release\maincharacter.obj
c:\users\ehsan\desktop\vandaengine172\source\editor\vandaengine1\release\maincharacterproperties.obj
c:\users\ehsan\desktop\vandaengine172\source\editor\vandaengine1\release\material.obj
c:\users\ehsan\desktop\vandaengine172\source\editor\vandaengine1\release\matrix.obj
c:\users\ehsan\desktop\vandaengine172\source\editor\vandaengine1\release\mousetranslationcontroller.obj
c:\users\ehsan\desktop\vandaengine172\source\editor\vandaengine1\release\node.obj
c:\users\ehsan\desktop\vandaengine172\source\editor\vandaengine1\release\nx.obj
c:\users\ehsan\desktop\vandaengine172\source\editor\vandaengine1\release\nxdebugrenderer.obj
c:\users\ehsan\desktop\vandaengine172\source\editor\vandaengine1\release\nxu_asc2bin.obj
c:\users\ehsan\desktop\vandaengine172\source\editor\vandaengine1\release\nxu_colladaexport.obj
c:\users\ehsan\desktop\vandaengine172\source\editor\vandaengine1\release\nxu_colladaimport.obj
c:\users\ehsan\desktop\vandaengine172\source\editor\vandaengine1\release\nxu_cooking.obj
c:\users\ehsan\desktop\vandaengine172\source\editor\vandaengine1\release\nxu_customcopy.obj
c:\users\ehsan\desktop\vandaengine172\source\editor\vandaengine1\release\nxu_file.obj
c:\users\ehsan\desktop\vandaengine172\source\editor\vandaengine1\release\nxu_geometry.obj
c:\users\ehsan\desktop\vandaengine172\source\editor\vandaengine1\release\nxu_graphicsmesh.obj
c:\users\ehsan\desktop\vandaengine172\source\editor\vandaengine1\release\nxu_helper.obj
c:\users\ehsan\desktop\vandaengine172\source\editor\vandaengine1\release\nxu_hull.obj
c:\users\ehsan\desktop\vandaengine172\source\editor\vandaengine1\release\nxu_physicsexport.obj
c:\users\ehsan\desktop\vandaengine172\source\editor\vandaengine1\release\nxu_physicsinstantiator.obj
c:\users\ehsan\desktop\vandaengine172\source\editor\vandaengine1\release\nxu_scaledcopy.obj
c:\users\ehsan\desktop\vandaengine172\source\editor\vandaengine1\release\nxu_schema.obj
c:\users\ehsan\desktop\vandaengine172\source\editor\vandaengine1\release\nxu_schemastream.obj
c:\users\ehsan\desktop\vandaengine172\source\editor\vandaengine1\release\nxu_streaming.obj
c:\users\ehsan\desktop\vandaengine172\source\editor\vandaengine1\release\nxu_string.obj
c:\users\ehsan\desktop\vandaengine172\source\editor\vandaengine1\release\nxu_tinystr.obj
c:\users\ehsan\desktop\vandaengine172\source\editor\vandaengine1\release\nxu_tinyxml.obj
c:\users\ehsan\desktop\vandaengine172\source\editor\vandaengine1\release\nxu_tinyxmlerror.obj
c:\users\ehsan\desktop\vandaengine172\source\editor\vandaengine1\release\nxu_tinyxmlparser.obj
c:\users\ehsan\desktop\vandaengine172\source\editor\vandaengine1\release\octree.obj
c:\users\ehsan\desktop\vandaengine172\source\editor\vandaengine1\release\openalsoundbuffer.obj
c:\users\ehsan\desktop\vandaengine172\source\editor\vandaengine1\release\openalsoundsource.obj
c:\users\ehsan\desktop\vandaengine172\source\editor\vandaengine1\release\openalsystem.obj
c:\users\ehsan\desktop\vandaengine172\source\editor\vandaengine1\release\openglmaterial.obj
c:\users\ehsan\desktop\vandaengine172\source\editor\vandaengine1\release\openglmatrix.obj
c:\users\ehsan\desktop\vandaengine172\source\editor\vandaengine1\release\openglutility.obj
c:\users\ehsan\desktop\vandaengine172\source\editor\vandaengine1\release\orient.obj
c:\users\ehsan\desktop\vandaengine172\source\editor\vandaengine1\release\perspectivewindow.obj
c:\users\ehsan\desktop\vandaengine172\source\editor\vandaengine1\release\physx.obj
c:\users\ehsan\desktop\vandaengine172\source\editor\vandaengine1\release\pleasewait.obj
c:\users\ehsan\desktop\vandaengine172\source\editor\vandaengine1\release\point.obj
c:\users\ehsan\desktop\vandaengine172\source\editor\vandaengine1\release\prefab.obj
c:\users\ehsan\desktop\vandaengine172\source\editor\vandaengine1\release\prefabdlg.obj
c:\users\ehsan\desktop\vandaengine172\source\editor\vandaengine1\release\prefabnamedlg.obj
c:\users\ehsan\desktop\vandaengine172\source\editor\vandaengine1\release\publishproject.obj
c:\users\ehsan\desktop\vandaengine172\source\editor\vandaengine1\release\render.obj
c:\users\ehsan\desktop\vandaengine172\source\editor\vandaengine1\release\resourcefile.obj
c:\users\ehsan\desktop\vandaengine172\source\editor\vandaengine1\release\saveguidlg.obj
c:\users\ehsan\desktop\vandaengine172\source\editor\vandaengine1\release\saveloadcharacterprofile.obj
c:\users\ehsan\desktop\vandaengine172\source\editor\vandaengine1\release\saveprefabdlg.obj
c:\users\ehsan\desktop\vandaengine172\source\editor\vandaengine1\release\scene.obj
c:\users\ehsan\desktop\vandaengine172\source\editor\vandaengine1\release\scenebanner.obj
c:\users\ehsan\desktop\vandaengine172\source\editor\vandaengine1\release\sceneproperties.obj
c:\users\ehsan\desktop\vandaengine172\source\editor\vandaengine1\release\sceneread.obj
c:\users\ehsan\desktop\vandaengine172\source\editor\vandaengine1\release\scripteditor.obj
c:\users\ehsan\desktop\vandaengine172\source\editor\vandaengine1\release\scripteditoraddevent.obj
c:\users\ehsan\desktop\vandaengine172\source\editor\vandaengine1\release\scripteditoraddfunction.obj
c:\users\ehsan\desktop\vandaengine172\source\editor\vandaengine1\release\scriptutility.obj
c:\users\ehsan\desktop\vandaengine172\source\editor\vandaengine1\release\scriptutilitygameobjects.obj
c:\users\ehsan\desktop\vandaengine172\source\editor\vandaengine1\release\scriptutilityguis.obj
c:\users\ehsan\desktop\vandaengine172\source\editor\vandaengine1\release\scriptutilityimportedcameras.obj
c:\users\ehsan\desktop\vandaengine172\source\editor\vandaengine1\release\scriptutilityprefabinstances.obj
c:\users\ehsan\desktop\vandaengine172\source\editor\vandaengine1\release\scriptutilityresources.obj
c:\users\ehsan\desktop\vandaengine172\source\editor\vandaengine1\release\selectanimationclips.obj
c:\users\ehsan\desktop\vandaengine172\source\editor\vandaengine1\release\selectcamera.obj
c:\users\ehsan\desktop\vandaengine172\source\editor\vandaengine1\release\setcurrentproject.obj
c:\users\ehsan\desktop\vandaengine172\source\editor\vandaengine1\release\shadowdialog.obj
c:\users\ehsan\desktop\vandaengine172\source\editor\vandaengine1\release\shadowmap.obj
c:\users\ehsan\desktop\vandaengine172\source\editor\vandaengine1\release\simplefont.obj
c:\users\ehsan\desktop\vandaengine172\source\editor\vandaengine1\release\skin.obj
c:\users\ehsan\desktop\vandaengine172\source\editor\vandaengine1\release\sky.obj
c:\users\ehsan\desktop\vandaengine172\source\editor\vandaengine1\release\startup.obj
c:\users\ehsan\desktop\vandaengine172\source\editor\vandaengine1\release\staticsound.obj
c:\users\ehsan\desktop\vandaengine172\source\editor\vandaengine1\release\stdafx.obj
c:\users\ehsan\desktop\vandaengine172\source\editor\vandaengine1\release\stream.obj
c:\users\ehsan\desktop\vandaengine172\source\editor\vandaengine1\release\targa.obj
c:\users\ehsan\desktop\vandaengine172\source\editor\vandaengine1\release\terrain.obj
c:\users\ehsan\desktop\vandaengine172\source\editor\vandaengine1\release\texture.obj
c:\users\ehsan\desktop\vandaengine172\source\editor\vandaengine1\release\timer.obj
c:\users\ehsan\desktop\vandaengine172\source\editor\vandaengine1\release\transform.obj
c:\users\ehsan\desktop\vandaengine172\source\editor\vandaengine1\release\trigger.obj
c:\users\ehsan\desktop\vandaengine172\source\editor\vandaengine1\release\userallocator.obj
c:\users\ehsan\desktop\vandaengine172\source\editor\vandaengine1\release\vandaengine1.obj
c:\users\ehsan\desktop\vandaengine172\source\editor\vandaengine1\release\vandaengine1dlg.obj
c:\users\ehsan\desktop\vandaengine172\source\editor\vandaengine1\release\vector.obj
c:\users\ehsan\desktop\vandaengine172\source\editor\vandaengine1\release\vscenemenucursor.obj
c:\users\ehsan\desktop\vandaengine172\source\editor\vandaengine1\release\water.obj
c:\users\ehsan\desktop\vandaengine172\source\editor\vandaengine1\release\waterattachment.obj
c:\users\ehsan\desktop\vandaengine172\source\editor\vandaengine1\release\welcomedialog.obj
c:\users\ehsan\desktop\vandaengine172\source\editor\vandaengine1\release\vandaengine1.res
c:\users\ehsan\desktop\vandaengine172\source\editor\vandaengine1\release\vandaengine1.pch
c:\users\ehsan\desktop\vandaengine172\source\editor\release\vandaengine1.pdb
c:\users\ehsan\desktop\vandaengine172\source\editor\release\vandaengine1.exe
c:\users\ehsan\desktop\vandaengine172\source\editor\vandaengine1\release\vandaengine1.tlog\cl.command.1.tlog
c:\users\ehsan\desktop\vandaengine172\source\editor\vandaengine1\release\vandaengine1.tlog\cl.read.1.tlog
c:\users\ehsan\desktop\vandaengine172\source\editor\vandaengine1\release\vandaengine1.tlog\cl.write.1.tlog
c:\users\ehsan\desktop\vandaengine172\source\editor\vandaengine1\release\vandaengine1.tlog\link.command.1.tlog
c:\users\ehsan\desktop\vandaengine172\source\editor\vandaengine1\release\vandaengine1.tlog\link.read.1.tlog
c:\users\ehsan\desktop\vandaengine172\source\editor\vandaengine1\release\vandaengine1.tlog\link.write.1.tlog
c:\users\ehsan\desktop\vandaengine172\source\editor\vandaengine1\release\vandaengine1.tlog\rc.command.1.tlog
c:\users\ehsan\desktop\vandaengine172\source\editor\vandaengine1\release\vandaengine1.tlog\rc.read.1.tlog
c:\users\ehsan\desktop\vandaengine172\source\editor\vandaengine1\release\vandaengine1.tlog\rc.write.1.tlog
c:\users\ehsan\desktop\vandaengine172\source\editor\vandaengine1\release\vandaengine1.tlog\vandaengine1.write.1u.tlog
