f:\new engine\vandaengine\win32\vandaengine1\debug\vandaengine1win32.pch
f:\new engine\vandaengine\win32\vandaengine1\debug\vc120.pdb
f:\new engine\vandaengine\win32\vandaengine1\debug\vc120.idb
f:\new engine\vandaengine\win32\vandaengine1\debug\stdafx.obj
f:\new engine\vandaengine\win32\vandaengine1\debug\point.obj
f:\new engine\vandaengine\win32\vandaengine1\debug\nxu_tinystr.obj
f:\new engine\vandaengine\win32\vandaengine1\debug\nxu_tinyxml.obj
f:\new engine\vandaengine\win32\vandaengine1\debug\nxu_tinyxmlerror.obj
f:\new engine\vandaengine\win32\vandaengine1\debug\nxu_tinyxmlparser.obj
f:\new engine\vandaengine\win32\vandaengine1\debug\otherapi.obj
f:\new engine\vandaengine\win32\vandaengine1\debug\pinternalstate.obj
f:\new engine\vandaengine\win32\vandaengine1\debug\nxu_asc2bin.obj
f:\new engine\vandaengine\win32\vandaengine1\debug\nxu_file.obj
f:\new engine\vandaengine\win32\vandaengine1\debug\nxu_graphicsmesh.obj
f:\new engine\vandaengine\win32\vandaengine1\debug\nxu_hull.obj
f:\new engine\vandaengine\win32\vandaengine1\debug\decomposematrix.obj
f:\new engine\vandaengine\win32\vandaengine1\debug\input.obj
f:\new engine\vandaengine\win32\vandaengine1\debug\actions.obj
f:\new engine\vandaengine\win32\vandaengine1\debug\actionsapi.obj
f:\new engine\vandaengine\win32\vandaengine1\debug\timer.obj
f:\new engine\vandaengine\win32\vandaengine1\debug\vandaeng.5d83f989.tlog\cl.command.1.tlog
f:\new engine\vandaengine\win32\vandaengine1\debug\vandaeng.5d83f989.tlog\cl.read.1.tlog
f:\new engine\vandaengine\win32\vandaengine1\debug\vandaeng.5d83f989.tlog\cl.write.1.tlog
