f:\new engine\vandaengine\win32\vandaengine1\release\vandaengine1win32.pch
f:\new engine\vandaengine\win32\vandaengine1\release\vc141.pdb
f:\new engine\vandaengine\win32\vandaengine1\release\stdafx.obj
f:\new engine\vandaengine\win32\vandaengine1\release\bloom.obj
f:\new engine\vandaengine\win32\vandaengine1\release\base.obj
f:\new engine\vandaengine\win32\vandaengine1\release\animation.obj
f:\new engine\vandaengine\win32\vandaengine1\release\actionsapi.obj
f:\new engine\vandaengine\win32\vandaengine1\release\actions.obj
f:\new engine\vandaengine\win32\vandaengine1\release\avi.obj
f:\new engine\vandaengine\win32\vandaengine1\release\guitext.obj
f:\new engine\vandaengine\win32\vandaengine1\release\guiimage.obj
f:\new engine\vandaengine\win32\vandaengine1\release\guibutton.obj
f:\new engine\vandaengine\win32\vandaengine1\release\gui.obj
f:\new engine\vandaengine\win32\vandaengine1\release\vector.obj
f:\new engine\vandaengine\win32\vandaengine1\release\vscenescript.obj
f:\new engine\vandaengine\win32\vandaengine1\release\prefab.obj
f:\new engine\vandaengine\win32\vandaengine1\release\point.obj
f:\new engine\vandaengine\win32\vandaengine1\release\decomposematrix.obj
f:\new engine\vandaengine\win32\vandaengine1\release\openalsystem.obj
f:\new engine\vandaengine\win32\vandaengine1\release\openalsoundsource.obj
f:\new engine\vandaengine\win32\vandaengine1\release\openalsoundbuffer.obj
f:\new engine\vandaengine\win32\vandaengine1\release\ambientsound.obj
f:\new engine\vandaengine\win32\vandaengine1\release\3dsound.obj
f:\new engine\vandaengine\win32\vandaengine1\release\pinternalstate.obj
f:\new engine\vandaengine\win32\vandaengine1\release\otherapi.obj
f:\new engine\vandaengine\win32\vandaengine1\release\orient.obj
f:\new engine\vandaengine\win32\vandaengine1\release\openglutility.obj
f:\new engine\vandaengine\win32\vandaengine1\release\openglmatrix.obj
f:\new engine\vandaengine\win32\vandaengine1\release\openglmaterial.obj
f:\new engine\vandaengine\win32\vandaengine1\release\node.obj
f:\new engine\vandaengine\win32\vandaengine1\release\matrix.obj
f:\new engine\vandaengine\win32\vandaengine1\release\material.obj
f:\new engine\vandaengine\win32\vandaengine1\release\lightmodel.obj
f:\new engine\vandaengine\win32\vandaengine1\release\light.obj
f:\new engine\vandaengine\win32\vandaengine1\release\image.obj
f:\new engine\vandaengine\win32\vandaengine1\release\geometry.obj
f:\new engine\vandaengine\win32\vandaengine1\release\fog.obj
f:\new engine\vandaengine\win32\vandaengine1\release\effect.obj
f:\new engine\vandaengine\win32\vandaengine1\release\dof.obj
f:\new engine\vandaengine\win32\vandaengine1\release\camera.obj
f:\new engine\vandaengine\win32\vandaengine1\release\cterrainvbocull.obj
f:\new engine\vandaengine\win32\vandaengine1\release\cterraintexture.obj
f:\new engine\vandaengine\win32\vandaengine1\release\cheightclass.obj
f:\new engine\vandaengine\win32\vandaengine1\release\resourcefile.obj
f:\new engine\vandaengine\win32\vandaengine1\release\main.obj
f:\new engine\vandaengine\win32\vandaengine1\release\input.obj
f:\new engine\vandaengine\win32\vandaengine1\release\icon.obj
f:\new engine\vandaengine\win32\vandaengine1\release\terrain.obj
f:\new engine\vandaengine\win32\vandaengine1\release\targa.obj
f:\new engine\vandaengine\win32\vandaengine1\release\skin.obj
f:\new engine\vandaengine\win32\vandaengine1\release\dxtctool.obj
f:\new engine\vandaengine\win32\vandaengine1\release\dds.obj
f:\new engine\vandaengine\win32\vandaengine1\release\window.obj
f:\new engine\vandaengine\win32\vandaengine1\release\water.obj
f:\new engine\vandaengine\win32\vandaengine1\release\transform.obj
f:\new engine\vandaengine\win32\vandaengine1\release\texture.obj
f:\new engine\vandaengine\win32\vandaengine1\release\sky.obj
f:\new engine\vandaengine\win32\vandaengine1\release\simplefont.obj
f:\new engine\vandaengine\win32\vandaengine1\release\shadowmap.obj
f:\new engine\vandaengine\win32\vandaengine1\release\sceneread.obj
f:\new engine\vandaengine\win32\vandaengine1\release\scene.obj
f:\new engine\vandaengine\win32\vandaengine1\release\render.obj
f:\new engine\vandaengine\win32\vandaengine1\release\particlesystem.obj
f:\new engine\vandaengine\win32\vandaengine1\release\nxu_string.obj
f:\new engine\vandaengine\win32\vandaengine1\release\nxu_schema.obj
f:\new engine\vandaengine\win32\vandaengine1\release\nxu_hull.obj
f:\new engine\vandaengine\win32\vandaengine1\release\nxu_helper.obj
f:\new engine\vandaengine\win32\vandaengine1\release\nxu_customcopy.obj
f:\new engine\vandaengine\win32\vandaengine1\release\nxu_cooking.obj
f:\new engine\vandaengine\win32\vandaengine1\release\nxu_streaming.obj
f:\new engine\vandaengine\win32\vandaengine1\release\nxu_schemastream.obj
f:\new engine\vandaengine\win32\vandaengine1\release\nxu_scaledcopy.obj
f:\new engine\vandaengine\win32\vandaengine1\release\nxu_physicsinstantiator.obj
f:\new engine\vandaengine\win32\vandaengine1\release\nxu_physicsexport.obj
f:\new engine\vandaengine\win32\vandaengine1\release\nxu_graphicsmesh.obj
f:\new engine\vandaengine\win32\vandaengine1\release\nxu_geometry.obj
f:\new engine\vandaengine\win32\vandaengine1\release\nxu_file.obj
f:\new engine\vandaengine\win32\vandaengine1\release\nxu_colladaimport.obj
f:\new engine\vandaengine\win32\vandaengine1\release\nxu_colladaexport.obj
f:\new engine\vandaengine\win32\vandaengine1\release\nxu_asc2bin.obj
f:\new engine\vandaengine\win32\vandaengine1\release\maincharacter.obj
f:\new engine\vandaengine\win32\vandaengine1\release\vandaengine1win32.obj
f:\new engine\vandaengine\win32\vandaengine1\release\timer.obj
f:\new engine\vandaengine\win32\vandaengine1\release\octree.obj
f:\new engine\vandaengine\win32\vandaengine1\release\lod.obj
f:\new engine\vandaengine\win32\vandaengine1\release\userallocator.obj
f:\new engine\vandaengine\win32\vandaengine1\release\trigger.obj
f:\new engine\vandaengine\win32\vandaengine1\release\stream.obj
f:\new engine\vandaengine\win32\vandaengine1\release\nxdebugrenderer.obj
f:\new engine\vandaengine\win32\vandaengine1\release\nx.obj
f:\new engine\vandaengine\win32\vandaengine1\release\nxu_tinyxmlparser.obj
f:\new engine\vandaengine\win32\vandaengine1\release\nxu_tinyxmlerror.obj
f:\new engine\vandaengine\win32\vandaengine1\release\nxu_tinyxml.obj
f:\new engine\vandaengine\win32\vandaengine1\release\nxu_tinystr.obj
f:\new engine\vandaengine\win32\release\vandaengine1win32.exe
f:\new engine\vandaengine\win32\release\vandaengine1win32.pdb
f:\new engine\vandaengine\win32\vandaengine1\release\vandaengine1.res
f:\new engine\vandaengine\win32\release\vandaengine1win32.lib
f:\new engine\vandaengine\win32\release\vandaengine1win32.exp
i:\vandaengine\releases\version1_9_final\1.9.6\win32\vandaengine1\release\3dsound.obj
i:\vandaengine\releases\version1_9_final\1.9.6\win32\vandaengine1\release\actions.obj
i:\vandaengine\releases\version1_9_final\1.9.6\win32\vandaengine1\release\actionsapi.obj
i:\vandaengine\releases\version1_9_final\1.9.6\win32\vandaengine1\release\ambientsound.obj
i:\vandaengine\releases\version1_9_final\1.9.6\win32\vandaengine1\release\animation.obj
i:\vandaengine\releases\version1_9_final\1.9.6\win32\vandaengine1\release\avi.obj
i:\vandaengine\releases\version1_9_final\1.9.6\win32\vandaengine1\release\base.obj
i:\vandaengine\releases\version1_9_final\1.9.6\win32\vandaengine1\release\bloom.obj
i:\vandaengine\releases\version1_9_final\1.9.6\win32\vandaengine1\release\camera.obj
i:\vandaengine\releases\version1_9_final\1.9.6\win32\vandaengine1\release\cheightclass.obj
i:\vandaengine\releases\version1_9_final\1.9.6\win32\vandaengine1\release\cterraintexture.obj
i:\vandaengine\releases\version1_9_final\1.9.6\win32\vandaengine1\release\cterrainvbocull.obj
i:\vandaengine\releases\version1_9_final\1.9.6\win32\vandaengine1\release\dds.obj
i:\vandaengine\releases\version1_9_final\1.9.6\win32\vandaengine1\release\decomposematrix.obj
i:\vandaengine\releases\version1_9_final\1.9.6\win32\vandaengine1\release\dof.obj
i:\vandaengine\releases\version1_9_final\1.9.6\win32\vandaengine1\release\dxtctool.obj
i:\vandaengine\releases\version1_9_final\1.9.6\win32\vandaengine1\release\effect.obj
i:\vandaengine\releases\version1_9_final\1.9.6\win32\vandaengine1\release\fog.obj
i:\vandaengine\releases\version1_9_final\1.9.6\win32\vandaengine1\release\geometry.obj
i:\vandaengine\releases\version1_9_final\1.9.6\win32\vandaengine1\release\gui.obj
i:\vandaengine\releases\version1_9_final\1.9.6\win32\vandaengine1\release\guibutton.obj
i:\vandaengine\releases\version1_9_final\1.9.6\win32\vandaengine1\release\guiimage.obj
i:\vandaengine\releases\version1_9_final\1.9.6\win32\vandaengine1\release\guitext.obj
i:\vandaengine\releases\version1_9_final\1.9.6\win32\vandaengine1\release\icon.obj
i:\vandaengine\releases\version1_9_final\1.9.6\win32\vandaengine1\release\image.obj
i:\vandaengine\releases\version1_9_final\1.9.6\win32\vandaengine1\release\input.obj
i:\vandaengine\releases\version1_9_final\1.9.6\win32\vandaengine1\release\light.obj
i:\vandaengine\releases\version1_9_final\1.9.6\win32\vandaengine1\release\lightmodel.obj
i:\vandaengine\releases\version1_9_final\1.9.6\win32\vandaengine1\release\lod.obj
i:\vandaengine\releases\version1_9_final\1.9.6\win32\vandaengine1\release\main.obj
i:\vandaengine\releases\version1_9_final\1.9.6\win32\vandaengine1\release\maincharacter.obj
i:\vandaengine\releases\version1_9_final\1.9.6\win32\vandaengine1\release\material.obj
i:\vandaengine\releases\version1_9_final\1.9.6\win32\vandaengine1\release\matrix.obj
i:\vandaengine\releases\version1_9_final\1.9.6\win32\vandaengine1\release\node.obj
i:\vandaengine\releases\version1_9_final\1.9.6\win32\vandaengine1\release\nx.obj
i:\vandaengine\releases\version1_9_final\1.9.6\win32\vandaengine1\release\nxdebugrenderer.obj
i:\vandaengine\releases\version1_9_final\1.9.6\win32\vandaengine1\release\nxu_asc2bin.obj
i:\vandaengine\releases\version1_9_final\1.9.6\win32\vandaengine1\release\nxu_colladaexport.obj
i:\vandaengine\releases\version1_9_final\1.9.6\win32\vandaengine1\release\nxu_colladaimport.obj
i:\vandaengine\releases\version1_9_final\1.9.6\win32\vandaengine1\release\nxu_cooking.obj
i:\vandaengine\releases\version1_9_final\1.9.6\win32\vandaengine1\release\nxu_customcopy.obj
i:\vandaengine\releases\version1_9_final\1.9.6\win32\vandaengine1\release\nxu_file.obj
i:\vandaengine\releases\version1_9_final\1.9.6\win32\vandaengine1\release\nxu_geometry.obj
i:\vandaengine\releases\version1_9_final\1.9.6\win32\vandaengine1\release\nxu_graphicsmesh.obj
i:\vandaengine\releases\version1_9_final\1.9.6\win32\vandaengine1\release\nxu_helper.obj
i:\vandaengine\releases\version1_9_final\1.9.6\win32\vandaengine1\release\nxu_hull.obj
i:\vandaengine\releases\version1_9_final\1.9.6\win32\vandaengine1\release\nxu_physicsexport.obj
i:\vandaengine\releases\version1_9_final\1.9.6\win32\vandaengine1\release\nxu_physicsinstantiator.obj
i:\vandaengine\releases\version1_9_final\1.9.6\win32\vandaengine1\release\nxu_scaledcopy.obj
i:\vandaengine\releases\version1_9_final\1.9.6\win32\vandaengine1\release\nxu_schema.obj
i:\vandaengine\releases\version1_9_final\1.9.6\win32\vandaengine1\release\nxu_schemastream.obj
i:\vandaengine\releases\version1_9_final\1.9.6\win32\vandaengine1\release\nxu_streaming.obj
i:\vandaengine\releases\version1_9_final\1.9.6\win32\vandaengine1\release\nxu_string.obj
i:\vandaengine\releases\version1_9_final\1.9.6\win32\vandaengine1\release\nxu_tinystr.obj
i:\vandaengine\releases\version1_9_final\1.9.6\win32\vandaengine1\release\nxu_tinyxml.obj
i:\vandaengine\releases\version1_9_final\1.9.6\win32\vandaengine1\release\nxu_tinyxmlerror.obj
i:\vandaengine\releases\version1_9_final\1.9.6\win32\vandaengine1\release\nxu_tinyxmlparser.obj
i:\vandaengine\releases\version1_9_final\1.9.6\win32\vandaengine1\release\octree.obj
i:\vandaengine\releases\version1_9_final\1.9.6\win32\vandaengine1\release\openalsoundbuffer.obj
i:\vandaengine\releases\version1_9_final\1.9.6\win32\vandaengine1\release\openalsoundsource.obj
i:\vandaengine\releases\version1_9_final\1.9.6\win32\vandaengine1\release\openalsystem.obj
i:\vandaengine\releases\version1_9_final\1.9.6\win32\vandaengine1\release\openglmaterial.obj
i:\vandaengine\releases\version1_9_final\1.9.6\win32\vandaengine1\release\openglmatrix.obj
i:\vandaengine\releases\version1_9_final\1.9.6\win32\vandaengine1\release\openglutility.obj
i:\vandaengine\releases\version1_9_final\1.9.6\win32\vandaengine1\release\orient.obj
i:\vandaengine\releases\version1_9_final\1.9.6\win32\vandaengine1\release\otherapi.obj
i:\vandaengine\releases\version1_9_final\1.9.6\win32\vandaengine1\release\particlesystem.obj
i:\vandaengine\releases\version1_9_final\1.9.6\win32\vandaengine1\release\pinternalstate.obj
i:\vandaengine\releases\version1_9_final\1.9.6\win32\vandaengine1\release\point.obj
i:\vandaengine\releases\version1_9_final\1.9.6\win32\vandaengine1\release\prefab.obj
i:\vandaengine\releases\version1_9_final\1.9.6\win32\vandaengine1\release\render.obj
i:\vandaengine\releases\version1_9_final\1.9.6\win32\vandaengine1\release\resourcefile.obj
i:\vandaengine\releases\version1_9_final\1.9.6\win32\vandaengine1\release\scene.obj
i:\vandaengine\releases\version1_9_final\1.9.6\win32\vandaengine1\release\sceneread.obj
i:\vandaengine\releases\version1_9_final\1.9.6\win32\vandaengine1\release\shadowmap.obj
i:\vandaengine\releases\version1_9_final\1.9.6\win32\vandaengine1\release\simplefont.obj
i:\vandaengine\releases\version1_9_final\1.9.6\win32\vandaengine1\release\skin.obj
i:\vandaengine\releases\version1_9_final\1.9.6\win32\vandaengine1\release\sky.obj
i:\vandaengine\releases\version1_9_final\1.9.6\win32\vandaengine1\release\stdafx.obj
i:\vandaengine\releases\version1_9_final\1.9.6\win32\vandaengine1\release\stream.obj
i:\vandaengine\releases\version1_9_final\1.9.6\win32\vandaengine1\release\targa.obj
i:\vandaengine\releases\version1_9_final\1.9.6\win32\vandaengine1\release\terrain.obj
i:\vandaengine\releases\version1_9_final\1.9.6\win32\vandaengine1\release\texture.obj
i:\vandaengine\releases\version1_9_final\1.9.6\win32\vandaengine1\release\timer.obj
i:\vandaengine\releases\version1_9_final\1.9.6\win32\vandaengine1\release\transform.obj
i:\vandaengine\releases\version1_9_final\1.9.6\win32\vandaengine1\release\trigger.obj
i:\vandaengine\releases\version1_9_final\1.9.6\win32\vandaengine1\release\userallocator.obj
i:\vandaengine\releases\version1_9_final\1.9.6\win32\vandaengine1\release\vandaengine1win32.obj
i:\vandaengine\releases\version1_9_final\1.9.6\win32\vandaengine1\release\vector.obj
i:\vandaengine\releases\version1_9_final\1.9.6\win32\vandaengine1\release\vscenescript.obj
i:\vandaengine\releases\version1_9_final\1.9.6\win32\vandaengine1\release\water.obj
i:\vandaengine\releases\version1_9_final\1.9.6\win32\vandaengine1\release\window.obj
i:\vandaengine\releases\version1_9_final\1.9.6\win32\vandaengine1\release\vandaengine1.res
i:\vandaengine\releases\version1_9_final\1.9.6\win32\vandaengine1\release\vandaengine1win32.pch
i:\vandaengine\releases\version1_9_final\1.9.6\win32\vandaengine1\release\vc141.pdb
i:\vandaengine\releases\version1_9_final\1.9.6\win32\release\vandaengine1win32.pdb
i:\vandaengine\releases\version1_9_final\1.9.6\win32\release\vandaengine1win32.exe
i:\vandaengine\releases\version1_9_final\1.9.6\win32\vandaengine1\release\vandaeng.5d83f989.tlog\cl.command.1.tlog
i:\vandaengine\releases\version1_9_final\1.9.6\win32\vandaengine1\release\vandaeng.5d83f989.tlog\cl.read.1.tlog
i:\vandaengine\releases\version1_9_final\1.9.6\win32\vandaengine1\release\vandaeng.5d83f989.tlog\cl.write.1.tlog
i:\vandaengine\releases\version1_9_final\1.9.6\win32\vandaengine1\release\vandaeng.5d83f989.tlog\link.command.1.tlog
i:\vandaengine\releases\version1_9_final\1.9.6\win32\vandaengine1\release\vandaeng.5d83f989.tlog\link.read.1.tlog
i:\vandaengine\releases\version1_9_final\1.9.6\win32\vandaengine1\release\vandaeng.5d83f989.tlog\link.write.1.tlog
i:\vandaengine\releases\version1_9_final\1.9.6\win32\vandaengine1\release\vandaeng.5d83f989.tlog\rc.command.1.tlog
i:\vandaengine\releases\version1_9_final\1.9.6\win32\vandaengine1\release\vandaeng.5d83f989.tlog\rc.read.1.tlog
i:\vandaengine\releases\version1_9_final\1.9.6\win32\vandaengine1\release\vandaeng.5d83f989.tlog\rc.write.1.tlog
i:\vandaengine\releases\version1_9_final\1.9.6\win32\vandaengine1\release\vandaeng.5d83f989.tlog\vandaengine1win32.write.1u.tlog
